Build started 30/04/2016 19:42:00.
     1>Project "C:\src\SpaceFighter\src\cocos2d\cocos\editor-support\spine\proj.win32\libSpine.vcxproj" on node 3 (Build target(s)).
     1>ClCompile:
         C:\Program Files (x86)\Microsoft Visual Studio 12.0\VC\bin\CL.exe /c /IC:\src\SpaceFighter\src\cocos2d\cocos\2d\..\..\ /IC:\src\SpaceFighter\src\cocos2d\cocos\2d\..\..\cocos\audio\include /I"C:\src\SpaceFighter\src\cocos2d\cocos\2d\..\..\cocos\editor-support" /IC:\src\SpaceFighter\src\cocos2d\cocos\2d\..\..\extensions /I"C:\src\SpaceFighter\src\cocos2d\cocos\2d\..\..\cocos\editor-support" /IC:\src\SpaceFighter\src\cocos2d\cocos\2d\..\..\cocos /IC:\src\SpaceFighter\src\cocos2d\cocos\2d\..\..\cocos\platform /IC:\src\SpaceFighter\src\cocos2d\cocos\2d\..\..\cocos\platform\desktop /IC:\src\SpaceFighter\src\cocos2d\cocos\2d\..\..\external\glfw3\include\win32 /I"C:\src\SpaceFighter\src\cocos2d\cocos\2d\..\..\external\win32-specific\gles\include\OGLES" /IC:\src\SpaceFighter\src\cocos2d\cocos\2d\..\..\external\freetype2\include\win32\freetype2 /IC:\src\SpaceFighter\src\cocos2d\cocos\2d\..\..\external\freetype2\include\win32\ /IC:\src\SpaceFighter\src\cocos2d\cocos\2d\..\..\external /ZI /nologo /W3 /WX- /MP /Od /Oy- /D WIN32 /D _DEBUG /D _WINDOWS /D _LIB /D COCOS2DXWIN32_EXPORTS /D GL_GLEXT_PROTOTYPES /D COCOS2D_DEBUG=1 /D _CRT_SECURE_NO_WARNINGS /D _SCL_SECURE_NO_WARNINGS /D _VARIADIC_MAX=10 /D _USING_V110_SDK71_ /D _UNICODE /D UNICODE /Gm- /EHsc /RTC1 /MDd /GS /fp:precise /Zc:wchar_t /Zc:forScope /Fo"Debug.win32\\" /Fd"Debug.win32\vc120.pdb" /Gd /TC /wd4267 /wd4251 /wd4244 /analyze- /errorReport:prompt ..\Animation.c ..\AnimationState.c ..\AnimationStateData.c ..\Atlas.c ..\AtlasAttachmentLoader.c ..\Attachment.c ..\AttachmentLoader.c ..\Bone.c ..\BoneData.c ..\BoundingBoxAttachment.c ..\Event.c ..\EventData.c ..\extension.c ..\IkConstraint.c ..\IkConstraintData.c ..\Json.c ..\MeshAttachment.c ..\RegionAttachment.c ..\Skeleton.c ..\SkeletonBounds.c ..\SkeletonData.c ..\SkeletonJson.c ..\Skin.c ..\SkinnedMeshAttachment.c ..\Slot.c ..\SlotData.c
         Animation.c
         AnimationState.c
         AnimationStateData.c
         Atlas.c
         AtlasAttachmentLoader.c
         Attachment.c
         AttachmentLoader.c
         Bone.c
         BoneData.c
         BoundingBoxAttachment.c
         Event.c
         EventData.c
         extension.c
         IkConstraint.c
         IkConstraintData.c
         Json.c
         MeshAttachment.c
         RegionAttachment.c
         Skeleton.c
         SkeletonBounds.c
         SkeletonData.c
         SkeletonJson.c
         Skin.c
         SkinnedMeshAttachment.c
         Slot.c
         SlotData.c
         C:\Program Files (x86)\Microsoft Visual Studio 12.0\VC\bin\CL.exe /c /IC:\src\SpaceFighter\src\cocos2d\cocos\2d\..\..\ /IC:\src\SpaceFighter\src\cocos2d\cocos\2d\..\..\cocos\audio\include /I"C:\src\SpaceFighter\src\cocos2d\cocos\2d\..\..\cocos\editor-support" /IC:\src\SpaceFighter\src\cocos2d\cocos\2d\..\..\extensions /I"C:\src\SpaceFighter\src\cocos2d\cocos\2d\..\..\cocos\editor-support" /IC:\src\SpaceFighter\src\cocos2d\cocos\2d\..\..\cocos /IC:\src\SpaceFighter\src\cocos2d\cocos\2d\..\..\cocos\platform /IC:\src\SpaceFighter\src\cocos2d\cocos\2d\..\..\cocos\platform\desktop /IC:\src\SpaceFighter\src\cocos2d\cocos\2d\..\..\external\glfw3\include\win32 /I"C:\src\SpaceFighter\src\cocos2d\cocos\2d\..\..\external\win32-specific\gles\include\OGLES" /IC:\src\SpaceFighter\src\cocos2d\cocos\2d\..\..\external\freetype2\include\win32\freetype2 /IC:\src\SpaceFighter\src\cocos2d\cocos\2d\..\..\external\freetype2\include\win32\ /IC:\src\SpaceFighter\src\cocos2d\cocos\2d\..\..\external /ZI /nologo /W3 /WX- /MP /Od /Oy- /D WIN32 /D _DEBUG /D _WINDOWS /D _LIB /D COCOS2DXWIN32_EXPORTS /D GL_GLEXT_PROTOTYPES /D COCOS2D_DEBUG=1 /D _CRT_SECURE_NO_WARNINGS /D _SCL_SECURE_NO_WARNINGS /D _VARIADIC_MAX=10 /D _USING_V110_SDK71_ /D _UNICODE /D UNICODE /Gm- /EHsc /RTC1 /MDd /GS /fp:precise /Zc:wchar_t /Zc:forScope /Fo"Debug.win32\\" /Fd"Debug.win32\vc120.pdb" /Gd /TP /wd4267 /wd4251 /wd4244 /analyze- /errorReport:prompt ..\PolygonBatch.cpp ..\SkeletonAnimation.cpp ..\SkeletonRenderer.cpp "..\spine-cocos2dx.cpp"
         PolygonBatch.cpp
         SkeletonAnimation.cpp
         SkeletonRenderer.cpp
         spine-cocos2dx.cpp
     1>c:\src\spacefighter\src\cocos2d\cocos\editor-support\spine\skeletonrenderer.cpp(252): warning C4996: 'cocos2d::DrawPrimitives::setDrawColor4B': was declared deprecated
                 c:\src\spacefighter\src\cocos2d\cocos\2d\ccdrawingprimitives.h(245) : see declaration of 'cocos2d::DrawPrimitives::setDrawColor4B'
     1>c:\src\spacefighter\src\cocos2d\cocos\editor-support\spine\skeletonrenderer.cpp(265): warning C4996: 'cocos2d::DrawPrimitives::drawPoly': was declared deprecated
                 c:\src\spacefighter\src\cocos2d\cocos\2d\ccdrawingprimitives.h(142) : see declaration of 'cocos2d::DrawPrimitives::drawPoly'
     1>c:\src\spacefighter\src\cocos2d\cocos\editor-support\spine\skeletonrenderer.cpp(271): warning C4996: 'cocos2d::DrawPrimitives::setDrawColor4B': was declared deprecated
                 c:\src\spacefighter\src\cocos2d\cocos\2d\ccdrawingprimitives.h(245) : see declaration of 'cocos2d::DrawPrimitives::setDrawColor4B'
     1>c:\src\spacefighter\src\cocos2d\cocos\editor-support\spine\skeletonrenderer.cpp(276): warning C4996: 'cocos2d::DrawPrimitives::drawLine': was declared deprecated
                 c:\src\spacefighter\src\cocos2d\cocos\2d\ccdrawingprimitives.h(115) : see declaration of 'cocos2d::DrawPrimitives::drawLine'
     1>c:\src\spacefighter\src\cocos2d\cocos\editor-support\spine\skeletonrenderer.cpp(279): warning C4996: 'cocos2d::DrawPrimitives::setPointSize': was declared deprecated
                 c:\src\spacefighter\src\cocos2d\cocos\2d\ccdrawingprimitives.h(263) : see declaration of 'cocos2d::DrawPrimitives::setPointSize'
     1>c:\src\spacefighter\src\cocos2d\cocos\editor-support\spine\skeletonrenderer.cpp(280): warning C4996: 'cocos2d::DrawPrimitives::setDrawColor4B': was declared deprecated
                 c:\src\spacefighter\src\cocos2d\cocos\2d\ccdrawingprimitives.h(245) : see declaration of 'cocos2d::DrawPrimitives::setDrawColor4B'
     1>c:\src\spacefighter\src\cocos2d\cocos\editor-support\spine\skeletonrenderer.cpp(283): warning C4996: 'cocos2d::DrawPrimitives::drawPoint': was declared deprecated
                 c:\src\spacefighter\src\cocos2d\cocos\2d\ccdrawingprimitives.h(100) : see declaration of 'cocos2d::DrawPrimitives::drawPoint'
     1>c:\src\spacefighter\src\cocos2d\cocos\editor-support\spine\skeletonrenderer.cpp(284): warning C4996: 'cocos2d::DrawPrimitives::setDrawColor4B': was declared deprecated
                 c:\src\spacefighter\src\cocos2d\cocos\2d\ccdrawingprimitives.h(245) : see declaration of 'cocos2d::DrawPrimitives::setDrawColor4B'
       Lib:
         C:\Program Files (x86)\Microsoft Visual Studio 12.0\VC\bin\Lib.exe /OUT:"C:\src\SpaceFighter\src\proj.win32\Debug.win32\libSpine.lib" /NOLOGO Debug.win32\Animation.obj
         Debug.win32\AnimationState.obj
         Debug.win32\AnimationStateData.obj
         Debug.win32\Atlas.obj
         Debug.win32\AtlasAttachmentLoader.obj
         Debug.win32\Attachment.obj
         Debug.win32\AttachmentLoader.obj
         Debug.win32\Bone.obj
         Debug.win32\BoneData.obj
         Debug.win32\BoundingBoxAttachment.obj
         Debug.win32\Event.obj
         Debug.win32\EventData.obj
         Debug.win32\extension.obj
         Debug.win32\IkConstraint.obj
         Debug.win32\IkConstraintData.obj
         Debug.win32\Json.obj
         Debug.win32\MeshAttachment.obj
         Debug.win32\PolygonBatch.obj
         Debug.win32\RegionAttachment.obj
         Debug.win32\Skeleton.obj
         Debug.win32\SkeletonAnimation.obj
         Debug.win32\SkeletonBounds.obj
         Debug.win32\SkeletonData.obj
         Debug.win32\SkeletonJson.obj
         Debug.win32\SkeletonRenderer.obj
         Debug.win32\Skin.obj
         Debug.win32\SkinnedMeshAttachment.obj
         Debug.win32\Slot.obj
         Debug.win32\SlotData.obj
         "Debug.win32\spine-cocos2dx.obj"
         libSpine.vcxproj -> C:\src\SpaceFighter\src\proj.win32\Debug.win32\libSpine.lib
     1>Done Building Project "C:\src\SpaceFighter\src\cocos2d\cocos\editor-support\spine\proj.win32\libSpine.vcxproj" (Build target(s)).

Build succeeded.

Time Elapsed 00:00:17.82
