Build started 30/04/2016 20:13:07.
     1>Project "C:\src\SpaceFighter\src\cocos2d\cocos\2d\libcocos2d.vcxproj" on node 2 (Build target(s)).
     1>PreLinkEvent:
         if not exist "C:\src\SpaceFighter\src\proj.win32\Debug.win32\" mkdir "C:\src\SpaceFighter\src\proj.win32\Debug.win32\"
         xcopy /Y /Q "C:\src\SpaceFighter\src\cocos2d\cocos\2d\..\..\external\freetype2\prebuilt\win32\*.*" "C:\src\SpaceFighter\src\proj.win32\Debug.win32\"
         xcopy /Y /Q "C:\src\SpaceFighter\src\cocos2d\cocos\2d\..\..\external\glfw3\prebuilt\win32\*.*" "C:\src\SpaceFighter\src\proj.win32\Debug.win32\"
         xcopy /Y /Q "C:\src\SpaceFighter\src\cocos2d\cocos\2d\..\..\external\curl\prebuilt\win32\*.*" "C:\src\SpaceFighter\src\proj.win32\Debug.win32\"
         xcopy /Y /Q "C:\src\SpaceFighter\src\cocos2d\cocos\2d\..\..\external\jpeg\prebuilt\win32\*.*" "C:\src\SpaceFighter\src\proj.win32\Debug.win32\"
         xcopy /Y /Q "C:\src\SpaceFighter\src\cocos2d\cocos\2d\..\..\external\png\prebuilt\win32\*.*" "C:\src\SpaceFighter\src\proj.win32\Debug.win32\"
         xcopy /Y /Q "C:\src\SpaceFighter\src\cocos2d\cocos\2d\..\..\external\tiff\prebuilt\win32\*.*" "C:\src\SpaceFighter\src\proj.win32\Debug.win32\"
         xcopy /Y /Q "C:\src\SpaceFighter\src\cocos2d\cocos\2d\..\..\external\webp\prebuilt\win32\*.*" "C:\src\SpaceFighter\src\proj.win32\Debug.win32\"
         xcopy /Y /Q "C:\src\SpaceFighter\src\cocos2d\cocos\2d\..\..\external\websockets\prebuilt\win32\*.*" "C:\src\SpaceFighter\src\proj.win32\Debug.win32\"
         xcopy /Y /Q "C:\src\SpaceFighter\src\cocos2d\cocos\2d\..\..\external\win32-specific\zlib\prebuilt\*.*" "C:\src\SpaceFighter\src\proj.win32\Debug.win32\"
         xcopy /Y /Q "C:\src\SpaceFighter\src\cocos2d\cocos\2d\..\..\external\win32-specific\icon\prebuilt\*.*" "C:\src\SpaceFighter\src\proj.win32\Debug.win32\"
         xcopy /Y /Q "C:\src\SpaceFighter\src\cocos2d\cocos\2d\..\..\external\win32-specific\gles\prebuilt\*.*" "C:\src\SpaceFighter\src\proj.win32\Debug.win32\"
         xcopy /Y /Q "C:\src\SpaceFighter\src\cocos2d\cocos\2d\..\..\external\win32-specific\OpenalSoft\prebuilt\*.*" "C:\src\SpaceFighter\src\proj.win32\Debug.win32\"
         xcopy /Y /Q "C:\src\SpaceFighter\src\cocos2d\cocos\2d\..\..\external\win32-specific\MP3Decoder\prebuilt\*.*" "C:\src\SpaceFighter\src\proj.win32\Debug.win32\"
         xcopy /Y /Q "C:\src\SpaceFighter\src\cocos2d\cocos\2d\..\..\external\win32-specific\OggDecoder\prebuilt\*.*" "C:\src\SpaceFighter\src\proj.win32\Debug.win32\"
         xcopy /Y /Q "C:\src\SpaceFighter\src\cocos2d\cocos\2d\..\..\external\sqlite3\libraries\win32\*.*" "C:\src\SpaceFighter\src\proj.win32\Debug.win32\"
         xcopy /Y /Q "C:\src\SpaceFighter\src\cocos2d\cocos\2d\..\..\external\chipmunk\prebuilt\win32\debug-lib\*.*" "C:\src\SpaceFighter\src\proj.win32\Debug.win32\"
         :VCEnd
         1 fichier(s) copié(s)
         2 fichier(s) copié(s)
         4 fichier(s) copié(s)
         2 fichier(s) copié(s)
         2 fichier(s) copié(s)
         3 fichier(s) copié(s)
         1 fichier(s) copié(s)
         2 fichier(s) copié(s)
         2 fichier(s) copié(s)
         2 fichier(s) copié(s)
         2 fichier(s) copié(s)
         2 fichier(s) copié(s)
         2 fichier(s) copié(s)
         6 fichier(s) copié(s)
         2 fichier(s) copié(s)
         2 fichier(s) copié(s)
       Link:
         libcocos2d.vcxproj -> C:\src\SpaceFighter\src\proj.win32\Debug.win32\libcocos2d.dll
     1>Done Building Project "C:\src\SpaceFighter\src\cocos2d\cocos\2d\libcocos2d.vcxproj" (Build target(s)).

Build succeeded.

Time Elapsed 00:00:01.79
